<?xml version="1.0" encoding="UTF-8" ?>
<testsuite tests="18" failures="0" name="org.spring.petclinic.it.AcceptanceIT" time="40.477" errors="0" skipped="0">
  <properties>
    <property name="java.runtime.name" value="Java(TM) SE Runtime Environment"/>
    <property name="sun.boot.library.path" value="/Library/Java/JavaVirtualMachines/jdk1.8.0_77.jdk/Contents/Home/jre/lib"/>
    <property name="java.vm.version" value="25.77-b03"/>
    <property name="user.country.format" value="AE"/>
    <property name="gopherProxySet" value="false"/>
    <property name="java.vm.vendor" value="Oracle Corporation"/>
    <property name="selenium.driver" value="org.openqa.selenium.chrome.ChromeDriver"/>
    <property name="java.vendor.url" value="http://java.oracle.com/"/>
    <property name="path.separator" value=":"/>
    <property name="webdriver.provided.type" value="shared"/>
    <property name="java.vm.name" value="Java HotSpot(TM) 64-Bit Server VM"/>
    <property name="file.encoding.pkg" value="sun.io"/>
    <property name="user.country" value="US"/>
    <property name="sun.java.launcher" value="SUN_STANDARD"/>
    <property name="sun.os.patch.level" value="unknown"/>
    <property name="java.vm.specification.name" value="Java Virtual Machine Specification"/>
    <property name="user.dir" value="/Users/husainbasrawala/development/sonar_selinium_coverage/spring-petclinic/spring-petclinic-it"/>
    <property name="webdriver.driver" value="provided"/>
    <property name="java.runtime.version" value="1.8.0_77-b03"/>
    <property name="java.awt.graphicsenv" value="sun.awt.CGraphicsEnvironment"/>
    <property name="basedir" value="/Users/husainbasrawala/development/sonar_selinium_coverage/spring-petclinic/spring-petclinic-it"/>
    <property name="java.endorsed.dirs" value="/Library/Java/JavaVirtualMachines/jdk1.8.0_77.jdk/Contents/Home/jre/lib/endorsed"/>
    <property name="os.arch" value="x86_64"/>
    <property name="surefire.real.class.path" value="/Users/husainbasrawala/development/sonar_selinium_coverage/spring-petclinic/spring-petclinic-it/target/surefire/surefirebooter2373121784994996121.jar"/>
    <property name="java.io.tmpdir" value="/var/folders/mv/rlj57tfx1bb49xy5lhgt68xm0000gn/T/"/>
    <property name="line.separator" value="
"/>
    <property name="java.vm.specification.vendor" value="Oracle Corporation"/>
    <property name="os.name" value="Mac OS X"/>
    <property name="webdriver.base.url" value="http://localhost:7272"/>
    <property name="sun.jnu.encoding" value="UTF-8"/>
    <property name="java.library.path" value="/Users/husainbasrawala/Library/Java/Extensions:/Library/Java/Extensions:/Network/Library/Java/Extensions:/System/Library/Java/Extensions:/usr/lib/java:."/>
    <property name="surefire.test.class.path" value="/Users/husainbasrawala/development/sonar_selinium_coverage/spring-petclinic/spring-petclinic-it/target/test-classes:/Users/husainbasrawala/development/sonar_selinium_coverage/spring-petclinic/spring-petclinic-it/target/classes:/Users/husainbasrawala/.m2/repository/org/springframework/samples/spring-petclinic-common/1.0.0-SNAPSHOT/spring-petclinic-common-1.0.0-SNAPSHOT.jar:/Users/husainbasrawala/.m2/repository/xerces/xercesImpl/2.10.0/xercesImpl-2.10.0.jar:/Users/husainbasrawala/.m2/repository/xml-apis/xml-apis/1.4.01/xml-apis-1.4.01.jar:/Users/husainbasrawala/.m2/repository/org/seleniumhq/selenium/selenium-java/2.53.1/selenium-java-2.53.1.jar:/Users/husainbasrawala/.m2/repository/org/seleniumhq/selenium/selenium-chrome-driver/2.53.1/selenium-chrome-driver-2.53.1.jar:/Users/husainbasrawala/.m2/repository/org/seleniumhq/selenium/selenium-remote-driver/2.53.1/selenium-remote-driver-2.53.1.jar:/Users/husainbasrawala/.m2/repository/cglib/cglib-nodep/2.1_3/cglib-nodep-2.1_3.jar:/Users/husainbasrawala/.m2/repository/org/seleniumhq/selenium/selenium-api/2.53.1/selenium-api-2.53.1.jar:/Users/husainbasrawala/.m2/repository/org/seleniumhq/selenium/selenium-edge-driver/2.53.1/selenium-edge-driver-2.53.1.jar:/Users/husainbasrawala/.m2/repository/org/apache/commons/commons-exec/1.3/commons-exec-1.3.jar:/Users/husainbasrawala/.m2/repository/org/seleniumhq/selenium/htmlunit-driver/2.21/htmlunit-driver-2.21.jar:/Users/husainbasrawala/.m2/repository/org/seleniumhq/selenium/selenium-firefox-driver/2.53.1/selenium-firefox-driver-2.53.1.jar:/Users/husainbasrawala/.m2/repository/org/seleniumhq/selenium/selenium-ie-driver/2.53.1/selenium-ie-driver-2.53.1.jar:/Users/husainbasrawala/.m2/repository/net/java/dev/jna/jna/4.1.0/jna-4.1.0.jar:/Users/husainbasrawala/.m2/repository/net/java/dev/jna/jna-platform/4.1.0/jna-platform-4.1.0.jar:/Users/husainbasrawala/.m2/repository/org/seleniumhq/selenium/selenium-safari-driver/2.53.1/selenium-safari-driver-2.53.1.jar:/Users/husainbasrawala/.m2/repository/io/netty/netty/3.5.7.Final/netty-3.5.7.Final.jar:/Users/husainbasrawala/.m2/repository/org/seleniumhq/selenium/selenium-support/2.53.1/selenium-support-2.53.1.jar:/Users/husainbasrawala/.m2/repository/org/seleniumhq/selenium/selenium-leg-rc/2.53.1/selenium-leg-rc-2.53.1.jar:/Users/husainbasrawala/.m2/repository/info/cukes/cucumber-java/1.2.4/cucumber-java-1.2.4.jar:/Users/husainbasrawala/.m2/repository/info/cukes/cucumber-core/1.2.4/cucumber-core-1.2.4.jar:/Users/husainbasrawala/.m2/repository/info/cukes/cucumber-html/0.2.3/cucumber-html-0.2.3.jar:/Users/husainbasrawala/.m2/repository/info/cukes/cucumber-jvm-deps/1.0.5/cucumber-jvm-deps-1.0.5.jar:/Users/husainbasrawala/.m2/repository/info/cukes/gherkin/2.12.2/gherkin-2.12.2.jar:/Users/husainbasrawala/.m2/repository/info/cukes/cucumber-junit/1.2.4/cucumber-junit-1.2.4.jar:/Users/husainbasrawala/.m2/repository/net/serenity-bdd/serenity-cucumber/1.1.8/serenity-cucumber-1.1.8.jar:/Users/husainbasrawala/.m2/repository/net/serenity-bdd/serenity-core/1.1.34/serenity-core-1.1.34.jar:/Users/husainbasrawala/.m2/repository/com/google/code/findbugs/jsr305/3.0.1/jsr305-3.0.1.jar:/Users/husainbasrawala/.m2/repository/org/mockito/mockito-core/1.10.19/mockito-core-1.10.19.jar:/Users/husainbasrawala/.m2/repository/org/apache/httpcomponents/httpmime/4.5.2/httpmime-4.5.2.jar:/Users/husainbasrawala/.m2/repository/org/imgscalr/imgscalr-lib/4.2/imgscalr-lib-4.2.jar:/Users/husainbasrawala/.m2/repository/xalan/xalan/2.7.2/xalan-2.7.2.jar:/Users/husainbasrawala/.m2/repository/xalan/serializer/2.7.2/serializer-2.7.2.jar:/Users/husainbasrawala/.m2/repository/com/typesafe/config/1.2.1/config-1.2.1.jar:/Users/husainbasrawala/.m2/repository/org/jsoup/jsoup/1.8.3/jsoup-1.8.3.jar:/Users/husainbasrawala/.m2/repository/com/google/jimfs/jimfs/1.0/jimfs-1.0.jar:/Users/husainbasrawala/.m2/repository/net/serenity-bdd/serenity-screenplay/1.1.34/serenity-screenplay-1.1.34.jar:/Users/husainbasrawala/.m2/repository/net/serenity-bdd/browse-the-web/1.1.34/browse-the-web-1.1.34.jar:/Users/husainbasrawala/.m2/repository/net/serenity-bdd/core/1.0.47/core-1.0.47.jar:/Users/husainbasrawala/.m2/repository/com/google/guava/guava/18.0/guava-18.0.jar:/Users/husainbasrawala/.m2/repository/com/google/inject/guice/3.0/guice-3.0.jar:/Users/husainbasrawala/.m2/repository/javax/inject/javax.inject/1/javax.inject-1.jar:/Users/husainbasrawala/.m2/repository/cglib/cglib/3.1/cglib-3.1.jar:/Users/husainbasrawala/.m2/repository/org/ow2/asm/asm/5.0.3/asm-5.0.3.jar:/Users/husainbasrawala/.m2/repository/commons-codec/commons-codec/1.9/commons-codec-1.9.jar:/Users/husainbasrawala/.m2/repository/org/objenesis/objenesis/2.1/objenesis-2.1.jar:/Users/husainbasrawala/.m2/repository/org/slf4j/slf4j-api/1.7.7/slf4j-api-1.7.7.jar:/Users/husainbasrawala/.m2/repository/commons-logging/commons-logging/1.2/commons-logging-1.2.jar:/Users/husainbasrawala/.m2/repository/net/serenity-bdd/serenity-report-resources/1.0.47/serenity-report-resources-1.0.47.jar:/Users/husainbasrawala/.m2/repository/com/google/code/gson/gson/2.3.1/gson-2.3.1.jar:/Users/husainbasrawala/.m2/repository/commons-io/commons-io/2.4/commons-io-2.4.jar:/Users/husainbasrawala/.m2/repository/org/apache/httpcomponents/httpclient/4.4/httpclient-4.4.jar:/Users/husainbasrawala/.m2/repository/org/apache/httpcomponents/httpcore/4.4/httpcore-4.4.jar:/Users/husainbasrawala/.m2/repository/com/opera/operadriver/1.5/operadriver-1.5.jar:/Users/husainbasrawala/.m2/repository/com/opera/operalaunchers/1.1/operalaunchers-1.1.jar:/Users/husainbasrawala/.m2/repository/com/google/protobuf/protobuf-java/2.4.1/protobuf-java-2.4.1.jar:/Users/husainbasrawala/.m2/repository/commons-jxpath/commons-jxpath/1.3/commons-jxpath-1.3.jar:/Users/husainbasrawala/.m2/repository/org/ini4j/ini4j/0.5.2/ini4j-0.5.2.jar:/Users/husainbasrawala/.m2/repository/org/seleniumhq/selenium/selenium-server/2.45.0/selenium-server-2.45.0.jar:/Users/husainbasrawala/.m2/repository/org/bouncycastle/bcprov-jdk15on/1.48/bcprov-jdk15on-1.48.jar:/Users/husainbasrawala/.m2/repository/org/bouncycastle/bcpkix-jdk15on/1.48/bcpkix-jdk15on-1.48.jar:/Users/husainbasrawala/.m2/repository/mx4j/mx4j-tools/3.0.1/mx4j-tools-3.0.1.jar:/Users/husainbasrawala/.m2/repository/org/mortbay/jetty/servlet-api-2.5/6.1.9/servlet-api-2.5-6.1.9.jar:/Users/husainbasrawala/.m2/repository/org/seleniumhq/selenium/jetty-repacked/7.6.1/jetty-repacked-7.6.1.jar:/Users/husainbasrawala/.m2/repository/org/seleniumhq/selenium/jetty-rc-repacked/5/jetty-rc-repacked-5.jar:/Users/husainbasrawala/.m2/repository/net/jcip/jcip-annotations/1.0/jcip-annotations-1.0.jar:/Users/husainbasrawala/.m2/repository/org/yaml/snakeyaml/1.8/snakeyaml-1.8.jar:/Users/husainbasrawala/.m2/repository/com/codeborne/phantomjsdriver/1.2.1/phantomjsdriver-1.2.1.jar:/Users/husainbasrawala/.m2/repository/io/appium/java-client/2.1.0/java-client-2.1.0.jar:/Users/husainbasrawala/.m2/repository/org/codehaus/groovy/groovy/2.3.6/groovy-2.3.6.jar:/Users/husainbasrawala/.m2/repository/net/sf/opencsv/opencsv/2.0/opencsv-2.0.jar:/Users/husainbasrawala/.m2/repository/commons-beanutils/commons-beanutils-core/1.8.3/commons-beanutils-core-1.8.3.jar:/Users/husainbasrawala/.m2/repository/com/googlecode/lambdaj/lambdaj/2.3.3/lambdaj-2.3.3.jar:/Users/husainbasrawala/.m2/repository/com/thoughtworks/xstream/xstream/1.4.5/xstream-1.4.5.jar:/Users/husainbasrawala/.m2/repository/xmlpull/xmlpull/1.1.3.1/xmlpull-1.1.3.1.jar:/Users/husainbasrawala/.m2/repository/xpp3/xpp3_min/1.1.4c/xpp3_min-1.1.4c.jar:/Users/husainbasrawala/.m2/repository/org/apache/commons/commons-lang3/3.3.2/commons-lang3-3.3.2.jar:/Users/husainbasrawala/.m2/repository/commons-collections/commons-collections/3.2.1/commons-collections-3.2.1.jar:/Users/husainbasrawala/.m2/repository/org/freemarker/freemarker/2.3.21/freemarker-2.3.21.jar:/Users/husainbasrawala/.m2/repository/net/sourceforge/jexcelapi/jxl/2.6.12/jxl-2.6.12.jar:/Users/husainbasrawala/.m2/repository/org/hamcrest/hamcrest-core/1.3/hamcrest-core-1.3.jar:/Users/husainbasrawala/.m2/repository/org/hamcrest/hamcrest-library/1.3/hamcrest-library-1.3.jar:/Users/husainbasrawala/.m2/repository/net/sourceforge/htmlunit/htmlunit/2.15/htmlunit-2.15.jar:/Users/husainbasrawala/.m2/repository/net/sourceforge/htmlunit/htmlunit-core-js/2.15/htmlunit-core-js-2.15.jar:/Users/husainbasrawala/.m2/repository/net/sourceforge/nekohtml/nekohtml/1.9.21/nekohtml-1.9.21.jar:/Users/husainbasrawala/.m2/repository/net/sourceforge/cssparser/cssparser/0.9.14/cssparser-0.9.14.jar:/Users/husainbasrawala/.m2/repository/org/w3c/css/sac/1.3/sac-1.3.jar:/Users/husainbasrawala/.m2/repository/org/eclipse/jetty/jetty-websocket/8.1.15.v20140411/jetty-websocket-8.1.15.v20140411.jar:/Users/husainbasrawala/.m2/repository/org/eclipse/jetty/jetty-util/8.1.15.v20140411/jetty-util-8.1.15.v20140411.jar:/Users/husainbasrawala/.m2/repository/org/eclipse/jetty/jetty-io/8.1.15.v20140411/jetty-io-8.1.15.v20140411.jar:/Users/husainbasrawala/.m2/repository/org/eclipse/jetty/jetty-http/8.1.15.v20140411/jetty-http-8.1.15.v20140411.jar:/Users/husainbasrawala/.m2/repository/org/fluentlenium/fluentlenium-core/0.10.2/fluentlenium-core-0.10.2.jar:/Users/husainbasrawala/.m2/repository/com/jhlabs/filters/2.0.235/filters-2.0.235.jar:/Users/husainbasrawala/.m2/repository/org/asciidoctor/asciidoctor-java-integration/0.1.3/asciidoctor-java-integration-0.1.3.jar:/Users/husainbasrawala/.m2/repository/org/jruby/jruby-complete/1.7.4/jruby-complete-1.7.4.jar:/Users/husainbasrawala/.m2/repository/com/beust/jcommander/1.30/jcommander-1.30.jar:/Users/husainbasrawala/.m2/repository/javax/validation/validation-api/1.1.0.Final/validation-api-1.1.0.Final.jar:/Users/husainbasrawala/.m2/repository/javax/el/javax.el-api/2.2.4/javax.el-api-2.2.4.jar:/Users/husainbasrawala/.m2/repository/org/glassfish/web/javax.el/2.2.4/javax.el-2.2.4.jar:/Users/husainbasrawala/.m2/repository/com/jayway/awaitility/awaitility/1.6.3/awaitility-1.6.3.jar:/Users/husainbasrawala/.m2/repository/net/serenity-bdd/serenity-junit/1.0.47/serenity-junit-1.0.47.jar:/Users/husainbasrawala/.m2/repository/org/slf4j/slf4j-simple/1.6.1/slf4j-simple-1.6.1.jar:/Users/husainbasrawala/.m2/repository/org/assertj/assertj-core/1.7.0/assertj-core-1.7.0.jar:/Users/husainbasrawala/.m2/repository/org/springframework/spring-test/4.1.1.RELEASE/spring-test-4.1.1.RELEASE.jar:/Users/husainbasrawala/.m2/repository/org/springframework/spring-core/4.1.1.RELEASE/spring-core-4.1.1.RELEASE.jar:/Users/husainbasrawala/.m2/repository/junit/junit/4.12/junit-4.12.jar:/Users/husainbasrawala/.m2/repository/org/aspectj/aspectjrt/1.8.4/aspectjrt-1.8.4.jar:/Users/husainbasrawala/.m2/repository/org/aspectj/aspectjweaver/1.8.4/aspectjweaver-1.8.4.jar:/Users/husainbasrawala/.m2/repository/org/springframework/spring-aop/4.1.1.RELEASE/spring-aop-4.1.1.RELEASE.jar:/Users/husainbasrawala/.m2/repository/aopalliance/aopalliance/1.0/aopalliance-1.0.jar:/Users/husainbasrawala/.m2/repository/org/springframework/spring-beans/4.1.1.RELEASE/spring-beans-4.1.1.RELEASE.jar:/Users/husainbasrawala/.m2/repository/org/springframework/spring-context-support/4.1.1.RELEASE/spring-context-support-4.1.1.RELEASE.jar:/Users/husainbasrawala/.m2/repository/org/springframework/spring-context/4.1.1.RELEASE/spring-context-4.1.1.RELEASE.jar:/Users/husainbasrawala/.m2/repository/org/springframework/spring-expression/4.1.1.RELEASE/spring-expression-4.1.1.RELEASE.jar:/Users/husainbasrawala/.m2/repository/com/rometools/rome/1.5.0/rome-1.5.0.jar:/Users/husainbasrawala/.m2/repository/com/rometools/rome-utils/1.5.0/rome-utils-1.5.0.jar:/Users/husainbasrawala/.m2/repository/org/jdom/jdom/2.0.2/jdom-2.0.2.jar:/Users/husainbasrawala/.m2/repository/joda-time/joda-time/2.5/joda-time-2.5.jar:/Users/husainbasrawala/.m2/repository/joda-time/joda-time-hibernate/1.3/joda-time-hibernate-1.3.jar:/Users/husainbasrawala/.m2/repository/joda-time/joda-time-jsptags/1.1.1/joda-time-jsptags-1.1.1.jar:/Users/husainbasrawala/.m2/repository/com/fasterxml/jackson/core/jackson-core/2.3.1/jackson-core-2.3.1.jar:/Users/husainbasrawala/.m2/repository/com/fasterxml/jackson/core/jackson-databind/2.3.1/jackson-databind-2.3.1.jar:/Users/husainbasrawala/.m2/repository/com/fasterxml/jackson/core/jackson-annotations/2.3.0/jackson-annotations-2.3.0.jar:/Users/husainbasrawala/.m2/repository/com/fasterxml/jackson/datatype/jackson-datatype-joda/2.3.1/jackson-datatype-joda-2.3.1.jar:/Users/husainbasrawala/.m2/repository/org/jacoco/org.jacoco.agent/0.7.5.201505241946/org.jacoco.agent-0.7.5.201505241946-runtime.jar:/Users/husainbasrawala/.m2/repository/org/sonarsource/java/sonar-jacoco-listeners/3.5/sonar-jacoco-listeners-3.5.jar:/Users/husainbasrawala/.m2/repository/org/springframework/data/spring-data-jpa/1.7.1.RELEASE/spring-data-jpa-1.7.1.RELEASE.jar:/Users/husainbasrawala/.m2/repository/org/springframework/data/spring-data-commons/1.9.1.RELEASE/spring-data-commons-1.9.1.RELEASE.jar:/Users/husainbasrawala/.m2/repository/org/slf4j/jcl-over-slf4j/1.7.7/jcl-over-slf4j-1.7.7.jar:/Users/husainbasrawala/.m2/repository/org/springframework/spring-jdbc/4.1.1.RELEASE/spring-jdbc-4.1.1.RELEASE.jar:/Users/husainbasrawala/.m2/repository/org/springframework/spring-tx/4.1.1.RELEASE/spring-tx-4.1.1.RELEASE.jar:/Users/husainbasrawala/.m2/repository/org/springframework/spring-orm/4.1.1.RELEASE/spring-orm-4.1.1.RELEASE.jar:/Users/husainbasrawala/.m2/repository/org/hsqldb/hsqldb/2.3.2/hsqldb-2.3.2.jar:/Users/husainbasrawala/.m2/repository/org/hibernate/hibernate-entitymanager/4.3.6.Final/hibernate-entitymanager-4.3.6.Final.jar:/Users/husainbasrawala/.m2/repository/org/jboss/logging/jboss-logging/3.1.3.GA/jboss-logging-3.1.3.GA.jar:/Users/husainbasrawala/.m2/repository/org/jboss/logging/jboss-logging-annotations/1.2.0.Beta1/jboss-logging-annotations-1.2.0.Beta1.jar:/Users/husainbasrawala/.m2/repository/org/hibernate/hibernate-core/4.3.6.Final/hibernate-core-4.3.6.Final.jar:/Users/husainbasrawala/.m2/repository/antlr/antlr/2.7.7/antlr-2.7.7.jar:/Users/husainbasrawala/.m2/repository/org/jboss/jandex/1.1.0.Final/jandex-1.1.0.Final.jar:/Users/husainbasrawala/.m2/repository/dom4j/dom4j/1.6.1/dom4j-1.6.1.jar:/Users/husainbasrawala/.m2/repository/org/hibernate/common/hibernate-commons-annotations/4.0.5.Final/hibernate-commons-annotations-4.0.5.Final.jar:/Users/husainbasrawala/.m2/repository/org/hibernate/javax/persistence/hibernate-jpa-2.1-api/1.0.0.Final/hibernate-jpa-2.1-api-1.0.0.Final.jar:/Users/husainbasrawala/.m2/repository/org/jboss/spec/javax/transaction/jboss-transaction-api_1.2_spec/1.0.0.Final/jboss-transaction-api_1.2_spec-1.0.0.Final.jar:/Users/husainbasrawala/.m2/repository/org/javassist/javassist/3.18.1-GA/javassist-3.18.1-GA.jar:/Users/husainbasrawala/.m2/repository/org/hibernate/hibernate-validator/4.3.1.Final/hibernate-validator-4.3.1.Final.jar:/Users/husainbasrawala/.m2/repository/org/hibernate/hibernate-ehcache/4.3.6.Final/hibernate-ehcache-4.3.6.Final.jar:/Users/husainbasrawala/.m2/repository/net/sf/ehcache/ehcache-core/2.6.9/ehcache-core-2.6.9.jar:"/>
    <property name="thucydides.driver.capabilities" value="shared"/>
    <property name="java.specification.name" value="Java Platform API Specification"/>
    <property name="java.class.version" value="52.0"/>
    <property name="sun.management.compiler" value="HotSpot 64-Bit Tiered Compilers"/>
    <property name="surefire.rerunFailingTestsCount" value="2"/>
    <property name="os.version" value="10.11.4"/>
    <property name="http.nonProxyHosts" value="local|*.local|169.254/16|*.169.254/16"/>
    <property name="user.home" value="/Users/husainbasrawala"/>
    <property name="user.timezone" value="Asia/Dubai"/>
    <property name="java.awt.printerjob" value="sun.lwawt.macosx.CPrinterJob"/>
    <property name="java.specification.version" value="1.8"/>
    <property name="file.encoding" value="UTF-8"/>
    <property name="user.name" value="husainbasrawala"/>
    <property name="java.class.path" value="/Users/husainbasrawala/development/sonar_selinium_coverage/spring-petclinic/spring-petclinic-it/target/test-classes:/Users/husainbasrawala/development/sonar_selinium_coverage/spring-petclinic/spring-petclinic-it/target/classes:/Users/husainbasrawala/.m2/repository/org/springframework/samples/spring-petclinic-common/1.0.0-SNAPSHOT/spring-petclinic-common-1.0.0-SNAPSHOT.jar:/Users/husainbasrawala/.m2/repository/xerces/xercesImpl/2.10.0/xercesImpl-2.10.0.jar:/Users/husainbasrawala/.m2/repository/xml-apis/xml-apis/1.4.01/xml-apis-1.4.01.jar:/Users/husainbasrawala/.m2/repository/org/seleniumhq/selenium/selenium-java/2.53.1/selenium-java-2.53.1.jar:/Users/husainbasrawala/.m2/repository/org/seleniumhq/selenium/selenium-chrome-driver/2.53.1/selenium-chrome-driver-2.53.1.jar:/Users/husainbasrawala/.m2/repository/org/seleniumhq/selenium/selenium-remote-driver/2.53.1/selenium-remote-driver-2.53.1.jar:/Users/husainbasrawala/.m2/repository/cglib/cglib-nodep/2.1_3/cglib-nodep-2.1_3.jar:/Users/husainbasrawala/.m2/repository/org/seleniumhq/selenium/selenium-api/2.53.1/selenium-api-2.53.1.jar:/Users/husainbasrawala/.m2/repository/org/seleniumhq/selenium/selenium-edge-driver/2.53.1/selenium-edge-driver-2.53.1.jar:/Users/husainbasrawala/.m2/repository/org/apache/commons/commons-exec/1.3/commons-exec-1.3.jar:/Users/husainbasrawala/.m2/repository/org/seleniumhq/selenium/htmlunit-driver/2.21/htmlunit-driver-2.21.jar:/Users/husainbasrawala/.m2/repository/org/seleniumhq/selenium/selenium-firefox-driver/2.53.1/selenium-firefox-driver-2.53.1.jar:/Users/husainbasrawala/.m2/repository/org/seleniumhq/selenium/selenium-ie-driver/2.53.1/selenium-ie-driver-2.53.1.jar:/Users/husainbasrawala/.m2/repository/net/java/dev/jna/jna/4.1.0/jna-4.1.0.jar:/Users/husainbasrawala/.m2/repository/net/java/dev/jna/jna-platform/4.1.0/jna-platform-4.1.0.jar:/Users/husainbasrawala/.m2/repository/org/seleniumhq/selenium/selenium-safari-driver/2.53.1/selenium-safari-driver-2.53.1.jar:/Users/husainbasrawala/.m2/repository/io/netty/netty/3.5.7.Final/netty-3.5.7.Final.jar:/Users/husainbasrawala/.m2/repository/org/seleniumhq/selenium/selenium-support/2.53.1/selenium-support-2.53.1.jar:/Users/husainbasrawala/.m2/repository/org/seleniumhq/selenium/selenium-leg-rc/2.53.1/selenium-leg-rc-2.53.1.jar:/Users/husainbasrawala/.m2/repository/info/cukes/cucumber-java/1.2.4/cucumber-java-1.2.4.jar:/Users/husainbasrawala/.m2/repository/info/cukes/cucumber-core/1.2.4/cucumber-core-1.2.4.jar:/Users/husainbasrawala/.m2/repository/info/cukes/cucumber-html/0.2.3/cucumber-html-0.2.3.jar:/Users/husainbasrawala/.m2/repository/info/cukes/cucumber-jvm-deps/1.0.5/cucumber-jvm-deps-1.0.5.jar:/Users/husainbasrawala/.m2/repository/info/cukes/gherkin/2.12.2/gherkin-2.12.2.jar:/Users/husainbasrawala/.m2/repository/info/cukes/cucumber-junit/1.2.4/cucumber-junit-1.2.4.jar:/Users/husainbasrawala/.m2/repository/net/serenity-bdd/serenity-cucumber/1.1.8/serenity-cucumber-1.1.8.jar:/Users/husainbasrawala/.m2/repository/net/serenity-bdd/serenity-core/1.1.34/serenity-core-1.1.34.jar:/Users/husainbasrawala/.m2/repository/com/google/code/findbugs/jsr305/3.0.1/jsr305-3.0.1.jar:/Users/husainbasrawala/.m2/repository/org/mockito/mockito-core/1.10.19/mockito-core-1.10.19.jar:/Users/husainbasrawala/.m2/repository/org/apache/httpcomponents/httpmime/4.5.2/httpmime-4.5.2.jar:/Users/husainbasrawala/.m2/repository/org/imgscalr/imgscalr-lib/4.2/imgscalr-lib-4.2.jar:/Users/husainbasrawala/.m2/repository/xalan/xalan/2.7.2/xalan-2.7.2.jar:/Users/husainbasrawala/.m2/repository/xalan/serializer/2.7.2/serializer-2.7.2.jar:/Users/husainbasrawala/.m2/repository/com/typesafe/config/1.2.1/config-1.2.1.jar:/Users/husainbasrawala/.m2/repository/org/jsoup/jsoup/1.8.3/jsoup-1.8.3.jar:/Users/husainbasrawala/.m2/repository/com/google/jimfs/jimfs/1.0/jimfs-1.0.jar:/Users/husainbasrawala/.m2/repository/net/serenity-bdd/serenity-screenplay/1.1.34/serenity-screenplay-1.1.34.jar:/Users/husainbasrawala/.m2/repository/net/serenity-bdd/browse-the-web/1.1.34/browse-the-web-1.1.34.jar:/Users/husainbasrawala/.m2/repository/net/serenity-bdd/core/1.0.47/core-1.0.47.jar:/Users/husainbasrawala/.m2/repository/com/google/guava/guava/18.0/guava-18.0.jar:/Users/husainbasrawala/.m2/repository/com/google/inject/guice/3.0/guice-3.0.jar:/Users/husainbasrawala/.m2/repository/javax/inject/javax.inject/1/javax.inject-1.jar:/Users/husainbasrawala/.m2/repository/cglib/cglib/3.1/cglib-3.1.jar:/Users/husainbasrawala/.m2/repository/org/ow2/asm/asm/5.0.3/asm-5.0.3.jar:/Users/husainbasrawala/.m2/repository/commons-codec/commons-codec/1.9/commons-codec-1.9.jar:/Users/husainbasrawala/.m2/repository/org/objenesis/objenesis/2.1/objenesis-2.1.jar:/Users/husainbasrawala/.m2/repository/org/slf4j/slf4j-api/1.7.7/slf4j-api-1.7.7.jar:/Users/husainbasrawala/.m2/repository/commons-logging/commons-logging/1.2/commons-logging-1.2.jar:/Users/husainbasrawala/.m2/repository/net/serenity-bdd/serenity-report-resources/1.0.47/serenity-report-resources-1.0.47.jar:/Users/husainbasrawala/.m2/repository/com/google/code/gson/gson/2.3.1/gson-2.3.1.jar:/Users/husainbasrawala/.m2/repository/commons-io/commons-io/2.4/commons-io-2.4.jar:/Users/husainbasrawala/.m2/repository/org/apache/httpcomponents/httpclient/4.4/httpclient-4.4.jar:/Users/husainbasrawala/.m2/repository/org/apache/httpcomponents/httpcore/4.4/httpcore-4.4.jar:/Users/husainbasrawala/.m2/repository/com/opera/operadriver/1.5/operadriver-1.5.jar:/Users/husainbasrawala/.m2/repository/com/opera/operalaunchers/1.1/operalaunchers-1.1.jar:/Users/husainbasrawala/.m2/repository/com/google/protobuf/protobuf-java/2.4.1/protobuf-java-2.4.1.jar:/Users/husainbasrawala/.m2/repository/commons-jxpath/commons-jxpath/1.3/commons-jxpath-1.3.jar:/Users/husainbasrawala/.m2/repository/org/ini4j/ini4j/0.5.2/ini4j-0.5.2.jar:/Users/husainbasrawala/.m2/repository/org/seleniumhq/selenium/selenium-server/2.45.0/selenium-server-2.45.0.jar:/Users/husainbasrawala/.m2/repository/org/bouncycastle/bcprov-jdk15on/1.48/bcprov-jdk15on-1.48.jar:/Users/husainbasrawala/.m2/repository/org/bouncycastle/bcpkix-jdk15on/1.48/bcpkix-jdk15on-1.48.jar:/Users/husainbasrawala/.m2/repository/mx4j/mx4j-tools/3.0.1/mx4j-tools-3.0.1.jar:/Users/husainbasrawala/.m2/repository/org/mortbay/jetty/servlet-api-2.5/6.1.9/servlet-api-2.5-6.1.9.jar:/Users/husainbasrawala/.m2/repository/org/seleniumhq/selenium/jetty-repacked/7.6.1/jetty-repacked-7.6.1.jar:/Users/husainbasrawala/.m2/repository/org/seleniumhq/selenium/jetty-rc-repacked/5/jetty-rc-repacked-5.jar:/Users/husainbasrawala/.m2/repository/net/jcip/jcip-annotations/1.0/jcip-annotations-1.0.jar:/Users/husainbasrawala/.m2/repository/org/yaml/snakeyaml/1.8/snakeyaml-1.8.jar:/Users/husainbasrawala/.m2/repository/com/codeborne/phantomjsdriver/1.2.1/phantomjsdriver-1.2.1.jar:/Users/husainbasrawala/.m2/repository/io/appium/java-client/2.1.0/java-client-2.1.0.jar:/Users/husainbasrawala/.m2/repository/org/codehaus/groovy/groovy/2.3.6/groovy-2.3.6.jar:/Users/husainbasrawala/.m2/repository/net/sf/opencsv/opencsv/2.0/opencsv-2.0.jar:/Users/husainbasrawala/.m2/repository/commons-beanutils/commons-beanutils-core/1.8.3/commons-beanutils-core-1.8.3.jar:/Users/husainbasrawala/.m2/repository/com/googlecode/lambdaj/lambdaj/2.3.3/lambdaj-2.3.3.jar:/Users/husainbasrawala/.m2/repository/com/thoughtworks/xstream/xstream/1.4.5/xstream-1.4.5.jar:/Users/husainbasrawala/.m2/repository/xmlpull/xmlpull/1.1.3.1/xmlpull-1.1.3.1.jar:/Users/husainbasrawala/.m2/repository/xpp3/xpp3_min/1.1.4c/xpp3_min-1.1.4c.jar:/Users/husainbasrawala/.m2/repository/org/apache/commons/commons-lang3/3.3.2/commons-lang3-3.3.2.jar:/Users/husainbasrawala/.m2/repository/commons-collections/commons-collections/3.2.1/commons-collections-3.2.1.jar:/Users/husainbasrawala/.m2/repository/org/freemarker/freemarker/2.3.21/freemarker-2.3.21.jar:/Users/husainbasrawala/.m2/repository/net/sourceforge/jexcelapi/jxl/2.6.12/jxl-2.6.12.jar:/Users/husainbasrawala/.m2/repository/org/hamcrest/hamcrest-core/1.3/hamcrest-core-1.3.jar:/Users/husainbasrawala/.m2/repository/org/hamcrest/hamcrest-library/1.3/hamcrest-library-1.3.jar:/Users/husainbasrawala/.m2/repository/net/sourceforge/htmlunit/htmlunit/2.15/htmlunit-2.15.jar:/Users/husainbasrawala/.m2/repository/net/sourceforge/htmlunit/htmlunit-core-js/2.15/htmlunit-core-js-2.15.jar:/Users/husainbasrawala/.m2/repository/net/sourceforge/nekohtml/nekohtml/1.9.21/nekohtml-1.9.21.jar:/Users/husainbasrawala/.m2/repository/net/sourceforge/cssparser/cssparser/0.9.14/cssparser-0.9.14.jar:/Users/husainbasrawala/.m2/repository/org/w3c/css/sac/1.3/sac-1.3.jar:/Users/husainbasrawala/.m2/repository/org/eclipse/jetty/jetty-websocket/8.1.15.v20140411/jetty-websocket-8.1.15.v20140411.jar:/Users/husainbasrawala/.m2/repository/org/eclipse/jetty/jetty-util/8.1.15.v20140411/jetty-util-8.1.15.v20140411.jar:/Users/husainbasrawala/.m2/repository/org/eclipse/jetty/jetty-io/8.1.15.v20140411/jetty-io-8.1.15.v20140411.jar:/Users/husainbasrawala/.m2/repository/org/eclipse/jetty/jetty-http/8.1.15.v20140411/jetty-http-8.1.15.v20140411.jar:/Users/husainbasrawala/.m2/repository/org/fluentlenium/fluentlenium-core/0.10.2/fluentlenium-core-0.10.2.jar:/Users/husainbasrawala/.m2/repository/com/jhlabs/filters/2.0.235/filters-2.0.235.jar:/Users/husainbasrawala/.m2/repository/org/asciidoctor/asciidoctor-java-integration/0.1.3/asciidoctor-java-integration-0.1.3.jar:/Users/husainbasrawala/.m2/repository/org/jruby/jruby-complete/1.7.4/jruby-complete-1.7.4.jar:/Users/husainbasrawala/.m2/repository/com/beust/jcommander/1.30/jcommander-1.30.jar:/Users/husainbasrawala/.m2/repository/javax/validation/validation-api/1.1.0.Final/validation-api-1.1.0.Final.jar:/Users/husainbasrawala/.m2/repository/javax/el/javax.el-api/2.2.4/javax.el-api-2.2.4.jar:/Users/husainbasrawala/.m2/repository/org/glassfish/web/javax.el/2.2.4/javax.el-2.2.4.jar:/Users/husainbasrawala/.m2/repository/com/jayway/awaitility/awaitility/1.6.3/awaitility-1.6.3.jar:/Users/husainbasrawala/.m2/repository/net/serenity-bdd/serenity-junit/1.0.47/serenity-junit-1.0.47.jar:/Users/husainbasrawala/.m2/repository/org/slf4j/slf4j-simple/1.6.1/slf4j-simple-1.6.1.jar:/Users/husainbasrawala/.m2/repository/org/assertj/assertj-core/1.7.0/assertj-core-1.7.0.jar:/Users/husainbasrawala/.m2/repository/org/springframework/spring-test/4.1.1.RELEASE/spring-test-4.1.1.RELEASE.jar:/Users/husainbasrawala/.m2/repository/org/springframework/spring-core/4.1.1.RELEASE/spring-core-4.1.1.RELEASE.jar:/Users/husainbasrawala/.m2/repository/junit/junit/4.12/junit-4.12.jar:/Users/husainbasrawala/.m2/repository/org/aspectj/aspectjrt/1.8.4/aspectjrt-1.8.4.jar:/Users/husainbasrawala/.m2/repository/org/aspectj/aspectjweaver/1.8.4/aspectjweaver-1.8.4.jar:/Users/husainbasrawala/.m2/repository/org/springframework/spring-aop/4.1.1.RELEASE/spring-aop-4.1.1.RELEASE.jar:/Users/husainbasrawala/.m2/repository/aopalliance/aopalliance/1.0/aopalliance-1.0.jar:/Users/husainbasrawala/.m2/repository/org/springframework/spring-beans/4.1.1.RELEASE/spring-beans-4.1.1.RELEASE.jar:/Users/husainbasrawala/.m2/repository/org/springframework/spring-context-support/4.1.1.RELEASE/spring-context-support-4.1.1.RELEASE.jar:/Users/husainbasrawala/.m2/repository/org/springframework/spring-context/4.1.1.RELEASE/spring-context-4.1.1.RELEASE.jar:/Users/husainbasrawala/.m2/repository/org/springframework/spring-expression/4.1.1.RELEASE/spring-expression-4.1.1.RELEASE.jar:/Users/husainbasrawala/.m2/repository/com/rometools/rome/1.5.0/rome-1.5.0.jar:/Users/husainbasrawala/.m2/repository/com/rometools/rome-utils/1.5.0/rome-utils-1.5.0.jar:/Users/husainbasrawala/.m2/repository/org/jdom/jdom/2.0.2/jdom-2.0.2.jar:/Users/husainbasrawala/.m2/repository/joda-time/joda-time/2.5/joda-time-2.5.jar:/Users/husainbasrawala/.m2/repository/joda-time/joda-time-hibernate/1.3/joda-time-hibernate-1.3.jar:/Users/husainbasrawala/.m2/repository/joda-time/joda-time-jsptags/1.1.1/joda-time-jsptags-1.1.1.jar:/Users/husainbasrawala/.m2/repository/com/fasterxml/jackson/core/jackson-core/2.3.1/jackson-core-2.3.1.jar:/Users/husainbasrawala/.m2/repository/com/fasterxml/jackson/core/jackson-databind/2.3.1/jackson-databind-2.3.1.jar:/Users/husainbasrawala/.m2/repository/com/fasterxml/jackson/core/jackson-annotations/2.3.0/jackson-annotations-2.3.0.jar:/Users/husainbasrawala/.m2/repository/com/fasterxml/jackson/datatype/jackson-datatype-joda/2.3.1/jackson-datatype-joda-2.3.1.jar:/Users/husainbasrawala/.m2/repository/org/jacoco/org.jacoco.agent/0.7.5.201505241946/org.jacoco.agent-0.7.5.201505241946-runtime.jar:/Users/husainbasrawala/.m2/repository/org/sonarsource/java/sonar-jacoco-listeners/3.5/sonar-jacoco-listeners-3.5.jar:/Users/husainbasrawala/.m2/repository/org/springframework/data/spring-data-jpa/1.7.1.RELEASE/spring-data-jpa-1.7.1.RELEASE.jar:/Users/husainbasrawala/.m2/repository/org/springframework/data/spring-data-commons/1.9.1.RELEASE/spring-data-commons-1.9.1.RELEASE.jar:/Users/husainbasrawala/.m2/repository/org/slf4j/jcl-over-slf4j/1.7.7/jcl-over-slf4j-1.7.7.jar:/Users/husainbasrawala/.m2/repository/org/springframework/spring-jdbc/4.1.1.RELEASE/spring-jdbc-4.1.1.RELEASE.jar:/Users/husainbasrawala/.m2/repository/org/springframework/spring-tx/4.1.1.RELEASE/spring-tx-4.1.1.RELEASE.jar:/Users/husainbasrawala/.m2/repository/org/springframework/spring-orm/4.1.1.RELEASE/spring-orm-4.1.1.RELEASE.jar:/Users/husainbasrawala/.m2/repository/org/hsqldb/hsqldb/2.3.2/hsqldb-2.3.2.jar:/Users/husainbasrawala/.m2/repository/org/hibernate/hibernate-entitymanager/4.3.6.Final/hibernate-entitymanager-4.3.6.Final.jar:/Users/husainbasrawala/.m2/repository/org/jboss/logging/jboss-logging/3.1.3.GA/jboss-logging-3.1.3.GA.jar:/Users/husainbasrawala/.m2/repository/org/jboss/logging/jboss-logging-annotations/1.2.0.Beta1/jboss-logging-annotations-1.2.0.Beta1.jar:/Users/husainbasrawala/.m2/repository/org/hibernate/hibernate-core/4.3.6.Final/hibernate-core-4.3.6.Final.jar:/Users/husainbasrawala/.m2/repository/antlr/antlr/2.7.7/antlr-2.7.7.jar:/Users/husainbasrawala/.m2/repository/org/jboss/jandex/1.1.0.Final/jandex-1.1.0.Final.jar:/Users/husainbasrawala/.m2/repository/dom4j/dom4j/1.6.1/dom4j-1.6.1.jar:/Users/husainbasrawala/.m2/repository/org/hibernate/common/hibernate-commons-annotations/4.0.5.Final/hibernate-commons-annotations-4.0.5.Final.jar:/Users/husainbasrawala/.m2/repository/org/hibernate/javax/persistence/hibernate-jpa-2.1-api/1.0.0.Final/hibernate-jpa-2.1-api-1.0.0.Final.jar:/Users/husainbasrawala/.m2/repository/org/jboss/spec/javax/transaction/jboss-transaction-api_1.2_spec/1.0.0.Final/jboss-transaction-api_1.2_spec-1.0.0.Final.jar:/Users/husainbasrawala/.m2/repository/org/javassist/javassist/3.18.1-GA/javassist-3.18.1-GA.jar:/Users/husainbasrawala/.m2/repository/org/hibernate/hibernate-validator/4.3.1.Final/hibernate-validator-4.3.1.Final.jar:/Users/husainbasrawala/.m2/repository/org/hibernate/hibernate-ehcache/4.3.6.Final/hibernate-ehcache-4.3.6.Final.jar:/Users/husainbasrawala/.m2/repository/net/sf/ehcache/ehcache-core/2.6.9/ehcache-core-2.6.9.jar:"/>
    <property name="webdriver.provided.shared" value="org.spring.petclinic.it.WebDriverProvider"/>
    <property name="java.vm.specification.version" value="1.8"/>
    <property name="sun.arch.data.model" value="64"/>
    <property name="java.home" value="/Library/Java/JavaVirtualMachines/jdk1.8.0_77.jdk/Contents/Home/jre"/>
    <property name="sun.java.command" value="/Users/husainbasrawala/development/sonar_selinium_coverage/spring-petclinic/spring-petclinic-it/target/surefire/surefirebooter2373121784994996121.jar /Users/husainbasrawala/development/sonar_selinium_coverage/spring-petclinic/spring-petclinic-it/target/surefire/surefire5996351063894610387tmp /Users/husainbasrawala/development/sonar_selinium_coverage/spring-petclinic/spring-petclinic-it/target/surefire/surefire6360387497345510649tmp"/>
    <property name="java.specification.vendor" value="Oracle Corporation"/>
    <property name="user.language" value="en"/>
    <property name="awt.toolkit" value="sun.lwawt.macosx.LWCToolkit"/>
    <property name="java.vm.info" value="mixed mode"/>
    <property name="java.version" value="1.8.0_77"/>
    <property name="java.ext.dirs" value="/Users/husainbasrawala/Library/Java/Extensions:/Library/Java/JavaVirtualMachines/jdk1.8.0_77.jdk/Contents/Home/jre/lib/ext:/Library/Java/Extensions:/Network/Library/Java/Extensions:/System/Library/Java/Extensions:/usr/lib/java"/>
    <property name="sun.boot.class.path" value="/Library/Java/JavaVirtualMachines/jdk1.8.0_77.jdk/Contents/Home/jre/lib/resources.jar:/Library/Java/JavaVirtualMachines/jdk1.8.0_77.jdk/Contents/Home/jre/lib/rt.jar:/Library/Java/JavaVirtualMachines/jdk1.8.0_77.jdk/Contents/Home/jre/lib/sunrsasign.jar:/Library/Java/JavaVirtualMachines/jdk1.8.0_77.jdk/Contents/Home/jre/lib/jsse.jar:/Library/Java/JavaVirtualMachines/jdk1.8.0_77.jdk/Contents/Home/jre/lib/jce.jar:/Library/Java/JavaVirtualMachines/jdk1.8.0_77.jdk/Contents/Home/jre/lib/charsets.jar:/Library/Java/JavaVirtualMachines/jdk1.8.0_77.jdk/Contents/Home/jre/lib/jfr.jar:/Library/Java/JavaVirtualMachines/jdk1.8.0_77.jdk/Contents/Home/jre/classes"/>
    <property name="webdriver.chrome.driver" value="/Users/husainbasrawala/Downloads/chromedriver"/>
    <property name="java.vendor" value="Oracle Corporation"/>
    <property name="localRepository" value="/Users/husainbasrawala/.m2/repository"/>
    <property name="file.separator" value="/"/>
    <property name="java.vendor.url.bug" value="http://bugreport.sun.com/bugreport/"/>
    <property name="sun.cpu.endian" value="little"/>
    <property name="sun.io.unicode.encoding" value="UnicodeBig"/>
    <property name="sun.font.fontmanager" value="sun.font.CFontManager"/>
    <property name="socksNonProxyHosts" value="local|*.local|169.254/16|*.169.254/16"/>
    <property name="ftp.nonProxyHosts" value="local|*.local|169.254/16|*.169.254/16"/>
    <property name="sun.cpu.isalist" value=""/>
  </properties>
  <testcase classname="| 1 | &quot;Dolly&quot; | &quot;1&quot; |" name="Given a registered user" time="0.001"/>
  <testcase classname="| 1 | &quot;Dolly&quot; | &quot;1&quot; |" name="And owner with 1" time="0"/>
  <testcase classname="| 1 | &quot;Dolly&quot; | &quot;1&quot; |" name="When add a new pet with &quot;Dolly&quot; and &quot;1&quot; agaisnt an owner" time="0"/>
  <testcase classname="| 1 | &quot;Dolly&quot; | &quot;1&quot; |" name="Then I shoud be able to see it under same owner 1 profile with same &quot;Dolly&quot; and &quot;1&quot;" time="0"/>
  <testcase classname="| 1 | &quot;Dolly&quot; | &quot;1&quot; |" name="| 1 | &quot;Dolly&quot; | &quot;1&quot; |" time="2.814"/>
  <testcase classname="| 1 | &quot;Shadow&quot; | &quot;2&quot; |" name="Given a registered user" time="0"/>
  <testcase classname="| 1 | &quot;Shadow&quot; | &quot;2&quot; |" name="And owner with 1" time="0"/>
  <testcase classname="| 1 | &quot;Shadow&quot; | &quot;2&quot; |" name="When add a new pet with &quot;Shadow&quot; and &quot;2&quot; agaisnt an owner" time="0"/>
  <testcase classname="| 1 | &quot;Shadow&quot; | &quot;2&quot; |" name="Then I shoud be able to see it under same owner 1 profile with same &quot;Shadow&quot; and &quot;2&quot;" time="0"/>
  <testcase classname="| 1 | &quot;Shadow&quot; | &quot;2&quot; |" name="| 1 | &quot;Shadow&quot; | &quot;2&quot; |" time="3.48"/>
  <testcase classname="Scenario: Search pets without any criteria" name="Given a registered user" time="0"/>
  <testcase classname="Scenario: Search pets without any criteria" name="When I search pets without any criteria" time="0"/>
  <testcase classname="Scenario: Search pets without any criteria" name="Then I shoud get a list of pets" time="0"/>
  <testcase classname="Scenario: Search pets without any criteria" name="Scenario: Search pets without any criteria" time="2.862"/>
  <testcase classname="Scenario: Search vets without any criteria" name="Given a registered user" time="0"/>
  <testcase classname="Scenario: Search vets without any criteria" name="When I search vets without any criteria" time="0"/>
  <testcase classname="Scenario: Search vets without any criteria" name="Then I shoud get a list of vets" time="0"/>
  <testcase classname="Scenario: Search vets without any criteria" name="Scenario: Search vets without any criteria" time="2.773"/>
</testsuite>